Determining if the pthread_create exist failed with the following output:
Change Dir: /home/ensimag/tp_prog_cpp/Tp3_omar_alex/build/CMakeFiles/CMakeTmp

Run Build Command:/usr/bin/gmake "cmTryCompileExec895842375/fast"
/usr/bin/gmake -f CMakeFiles/cmTryCompileExec895842375.dir/build.make CMakeFiles/cmTryCompileExec895842375.dir/build
gmake[1]: Entering directory `/home/ensimag/tp_prog_cpp/Tp3_omar_alex/build/CMakeFiles/CMakeTmp'
/usr/bin/cmake -E cmake_progress_report /home/ensimag/tp_prog_cpp/Tp3_omar_alex/build/CMakeFiles/CMakeTmp/CMakeFiles 1
Building C object CMakeFiles/cmTryCompileExec895842375.dir/CheckSymbolExists.c.o
/usr/bin/cc    -o CMakeFiles/cmTryCompileExec895842375.dir/CheckSymbolExists.c.o   -c /home/ensimag/tp_prog_cpp/Tp3_omar_alex/build/CMakeFiles/CMakeTmp/CheckSymbolExists.c
Linking C executable cmTryCompileExec895842375
/usr/bin/cmake -E cmake_link_script CMakeFiles/cmTryCompileExec895842375.dir/link.txt --verbose=1
/usr/bin/cc       CMakeFiles/cmTryCompileExec895842375.dir/CheckSymbolExists.c.o  -o cmTryCompileExec895842375 -rdynamic 
CMakeFiles/cmTryCompileExec895842375.dir/CheckSymbolExists.c.o: In function `main':
CheckSymbolExists.c:(.text+0x16): undefined reference to `pthread_create'
collect2: error: ld returned 1 exit status
gmake[1]: Leaving directory `/home/ensimag/tp_prog_cpp/Tp3_omar_alex/build/CMakeFiles/CMakeTmp'
gmake[1]: *** [cmTryCompileExec895842375] Error 1
gmake: *** [cmTryCompileExec895842375/fast] Error 2

File /home/ensimag/tp_prog_cpp/Tp3_omar_alex/build/CMakeFiles/CMakeTmp/CheckSymbolExists.c:
/* */
#include <pthread.h>

int main(int argc, char** argv)
{
  (void)argv;
#ifndef pthread_create
  return ((int*)(&pthread_create))[argc];
#else
  (void)argc;
  return 0;
#endif
}

Determining if the function pthread_create exists in the pthreads failed with the following output:
Change Dir: /home/ensimag/tp_prog_cpp/Tp3_omar_alex/build/CMakeFiles/CMakeTmp

Run Build Command:/usr/bin/gmake "cmTryCompileExec1343574639/fast"
/usr/bin/gmake -f CMakeFiles/cmTryCompileExec1343574639.dir/build.make CMakeFiles/cmTryCompileExec1343574639.dir/build
gmake[1]: Entering directory `/home/ensimag/tp_prog_cpp/Tp3_omar_alex/build/CMakeFiles/CMakeTmp'
/usr/bin/cmake -E cmake_progress_report /home/ensimag/tp_prog_cpp/Tp3_omar_alex/build/CMakeFiles/CMakeTmp/CMakeFiles 1
Building C object CMakeFiles/cmTryCompileExec1343574639.dir/CheckFunctionExists.c.o
/usr/bin/cc   -DCHECK_FUNCTION_EXISTS=pthread_create   -o CMakeFiles/cmTryCompileExec1343574639.dir/CheckFunctionExists.c.o   -c /usr/share/cmake/Modules/CheckFunctionExists.c
Linking C executable cmTryCompileExec1343574639
/usr/bin/cmake -E cmake_link_script CMakeFiles/cmTryCompileExec1343574639.dir/link.txt --verbose=1
/usr/bin/cc   -DCHECK_FUNCTION_EXISTS=pthread_create    CMakeFiles/cmTryCompileExec1343574639.dir/CheckFunctionExists.c.o  -o cmTryCompileExec1343574639 -rdynamic -lpthreads 
/usr/bin/ld: cannot find -lpthreads
collect2: error: ld returned 1 exit status
gmake[1]: Leaving directory `/home/ensimag/tp_prog_cpp/Tp3_omar_alex/build/CMakeFiles/CMakeTmp'
gmake[1]: *** [cmTryCompileExec1343574639] Error 1
gmake: *** [cmTryCompileExec1343574639/fast] Error 2


